<?xml version="1.0" encoding="UTF-8"?>
<robot generator="Robot 7.4.1 (Python 3.12.8 on win32)" generated="2025-12-25T16:29:24.696882" rpa="false" schemaversion="5">
<suite id="s1" name="T7 Invalid Phone Number" source="C:\SWD_Lab4\WebDemo-master\demoapp\html\Lab4\TestScript\Invalid Phone Number\T7_Invalid Phone Number.robot">
<test id="s1-t1" name="Open Workshop Registration Page" line="24">
<kw name="Start Chrome">
<kw name="Evaluate" owner="BuiltIn">
<msg time="2025-12-25T16:29:24.949229" level="INFO">${chrome_options} = &lt;selenium.webdriver.chrome.options.Options object at 0x0000019EA9E07EC0&gt;</msg>
<var>${chrome_options}</var>
<arg>sys.modules['selenium.webdriver'].ChromeOptions()</arg>
<arg>sys</arg>
<doc>Evaluates the given expression in Python and returns the result.</doc>
<status status="PASS" start="2025-12-25T16:29:24.949229" elapsed="0.000000"/>
</kw>
<kw name="Set Variable" owner="BuiltIn">
<msg time="2025-12-25T16:29:24.949229" level="INFO">${chrome_options.binary_location} = C:\ChromeForTesting\chrome-win64\chrome.exe</msg>
<var>${chrome_options.binary_location}</var>
<arg>${CHROME_BROWSER_PATH}</arg>
<doc>Returns the given values which can then be assigned to a variables.</doc>
<status status="PASS" start="2025-12-25T16:29:24.949229" elapsed="0.000000"/>
</kw>
<kw name="Evaluate" owner="BuiltIn">
<msg time="2025-12-25T16:29:24.950226" level="INFO">${service} = &lt;selenium.webdriver.chrome.service.Service object at 0x0000019EAD901070&gt;</msg>
<var>${service}</var>
<arg>selenium.webdriver.chrome.service.Service(executable_path=r"${CHROME_DRIVER_PATH}")</arg>
<arg>modules=selenium.webdriver.chrome.service</arg>
<doc>Evaluates the given expression in Python and returns the result.</doc>
<status status="PASS" start="2025-12-25T16:29:24.950226" elapsed="0.000000"/>
</kw>
<kw name="Create Webdriver" owner="SeleniumLibrary">
<msg time="2025-12-25T16:29:24.950226" level="INFO">Creating an instance of the Chrome WebDriver.</msg>
<arg>Chrome</arg>
<arg>options=${chrome_options}</arg>
<arg>service=${service}</arg>
<doc>Creates an instance of Selenium WebDriver.</doc>
<status status="PASS" start="2025-12-25T16:29:24.950226" elapsed="1.337305"/>
</kw>
<kw name="Go To" owner="SeleniumLibrary">
<msg time="2025-12-25T16:29:26.287531" level="INFO">Opening url 'http://localhost:7272/Lab4/Registration.html'</msg>
<arg>${REGPAGE}</arg>
<doc>Navigates the current browser window to the provided ``url``.</doc>
<status status="PASS" start="2025-12-25T16:29:26.287531" elapsed="0.301839"/>
</kw>
<status status="PASS" start="2025-12-25T16:29:24.948228" elapsed="1.641142"/>
</kw>
<kw name="Page Should Contain" owner="SeleniumLibrary">
<msg time="2025-12-25T16:29:26.607139" level="INFO">Current page contains text 'Workshop Registration'.</msg>
<arg>Workshop Registration</arg>
<doc>Verifies that current page contains ``text``.</doc>
<status status="PASS" start="2025-12-25T16:29:26.590371" elapsed="0.016768"/>
</kw>
<kw name="Close Browser" owner="SeleniumLibrary">
<doc>Closes the current browser.</doc>
<status status="PASS" start="2025-12-25T16:29:26.607139" elapsed="2.316106"/>
</kw>
<status status="PASS" start="2025-12-25T16:29:24.947225" elapsed="3.976020"/>
</test>
<test id="s1-t2" name="Invalid Phone Number" line="29">
<kw name="Start Chrome">
<kw name="Evaluate" owner="BuiltIn">
<msg time="2025-12-25T16:29:28.927265" level="INFO">${chrome_options} = &lt;selenium.webdriver.chrome.options.Options object at 0x0000019EAD92C500&gt;</msg>
<var>${chrome_options}</var>
<arg>sys.modules['selenium.webdriver'].ChromeOptions()</arg>
<arg>sys</arg>
<doc>Evaluates the given expression in Python and returns the result.</doc>
<status status="PASS" start="2025-12-25T16:29:28.926264" elapsed="0.001001"/>
</kw>
<kw name="Set Variable" owner="BuiltIn">
<msg time="2025-12-25T16:29:28.928265" level="INFO">${chrome_options.binary_location} = C:\ChromeForTesting\chrome-win64\chrome.exe</msg>
<var>${chrome_options.binary_location}</var>
<arg>${CHROME_BROWSER_PATH}</arg>
<doc>Returns the given values which can then be assigned to a variables.</doc>
<status status="PASS" start="2025-12-25T16:29:28.927265" elapsed="0.001000"/>
</kw>
<kw name="Evaluate" owner="BuiltIn">
<msg time="2025-12-25T16:29:28.929265" level="INFO">${service} = &lt;selenium.webdriver.chrome.service.Service object at 0x0000019EAD92C8C0&gt;</msg>
<var>${service}</var>
<arg>selenium.webdriver.chrome.service.Service(executable_path=r"${CHROME_DRIVER_PATH}")</arg>
<arg>modules=selenium.webdriver.chrome.service</arg>
<doc>Evaluates the given expression in Python and returns the result.</doc>
<status status="PASS" start="2025-12-25T16:29:28.928265" elapsed="0.001000"/>
</kw>
<kw name="Create Webdriver" owner="SeleniumLibrary">
<msg time="2025-12-25T16:29:28.929265" level="INFO">Creating an instance of the Chrome WebDriver.</msg>
<arg>Chrome</arg>
<arg>options=${chrome_options}</arg>
<arg>service=${service}</arg>
<doc>Creates an instance of Selenium WebDriver.</doc>
<status status="PASS" start="2025-12-25T16:29:28.929265" elapsed="1.312990"/>
</kw>
<kw name="Go To" owner="SeleniumLibrary">
<msg time="2025-12-25T16:29:30.243260" level="INFO">Opening url 'http://localhost:7272/Lab4/Registration.html'</msg>
<arg>${REGPAGE}</arg>
<doc>Navigates the current browser window to the provided ``url``.</doc>
<status status="PASS" start="2025-12-25T16:29:30.243260" elapsed="0.300244"/>
</kw>
<status status="PASS" start="2025-12-25T16:29:28.926264" elapsed="1.617240"/>
</kw>
<kw name="Input Text" owner="SeleniumLibrary">
<msg time="2025-12-25T16:29:30.544513" level="INFO">Typing text 'Somyod' into text field 'firstname'.</msg>
<arg>firstname</arg>
<arg>${FNAME}</arg>
<doc>Types the given ``text`` into the text field identified by ``locator``.</doc>
<status status="PASS" start="2025-12-25T16:29:30.544513" elapsed="0.100987"/>
</kw>
<kw name="Input Text" owner="SeleniumLibrary">
<msg time="2025-12-25T16:29:30.646022" level="INFO">Typing text 'Sodsai' into text field 'lastname'.</msg>
<arg>lastname</arg>
<arg>${LNAME}</arg>
<doc>Types the given ``text`` into the text field identified by ``locator``.</doc>
<status status="PASS" start="2025-12-25T16:29:30.645500" elapsed="0.073583"/>
</kw>
<kw name="Input Text" owner="SeleniumLibrary">
<msg time="2025-12-25T16:29:30.720083" level="INFO">Typing text 'CS KKU' into text field 'organization'.</msg>
<arg>organization</arg>
<arg>${OGZ}</arg>
<doc>Types the given ``text`` into the text field identified by ``locator``.</doc>
<status status="PASS" start="2025-12-25T16:29:30.719083" elapsed="0.078061"/>
</kw>
<kw name="Input Text" owner="SeleniumLibrary">
<msg time="2025-12-25T16:29:30.798152" level="INFO">Typing text 'somyod@kkumail.com' into text field 'email'.</msg>
<arg>email</arg>
<arg>${EMAIL}</arg>
<doc>Types the given ``text`` into the text field identified by ``locator``.</doc>
<status status="PASS" start="2025-12-25T16:29:30.798152" elapsed="0.070032"/>
</kw>
<kw name="Input Text" owner="SeleniumLibrary">
<msg time="2025-12-25T16:29:30.869183" level="INFO">Typing text 'osfsfplsa' into text field 'phone'.</msg>
<arg>phone</arg>
<arg>${IVPHONE}</arg>
<doc>Types the given ``text`` into the text field identified by ``locator``.</doc>
<status status="PASS" start="2025-12-25T16:29:30.868184" elapsed="0.067154"/>
</kw>
<kw name="Click Button" owner="SeleniumLibrary">
<msg time="2025-12-25T16:29:30.935338" level="INFO">Clicking button 'registerButton'.</msg>
<arg>registerButton</arg>
<doc>Clicks the button identified by ``locator``.</doc>
<status status="PASS" start="2025-12-25T16:29:30.935338" elapsed="0.073551"/>
</kw>
<kw name="Location Should Be" owner="SeleniumLibrary">
<msg time="2025-12-25T16:29:31.013407" level="INFO">Current location is 'http://localhost:7272/Lab4/Registration.html'.</msg>
<arg>${REGPAGE}</arg>
<doc>Verifies that the current URL is exactly ``url``.</doc>
<status status="PASS" start="2025-12-25T16:29:31.008889" elapsed="0.004518"/>
</kw>
<kw name="Page Should Contain" owner="SeleniumLibrary">
<msg time="2025-12-25T16:29:31.128162" level="INFO" html="true">&lt;/td&gt;&lt;/tr&gt;&lt;tr&gt;&lt;td colspan="3"&gt;&lt;a href="selenium-screenshot-1.png"&gt;&lt;img src="selenium-screenshot-1.png" width="800px"&gt;&lt;/a&gt;</msg>
<msg time="2025-12-25T16:29:31.128162" level="FAIL">Page should have contained text 'Please enter a valid phone number, e.g., 081-234-5678, 081 234 5678, or 081.234.5678' but did not.</msg>
<arg>Please enter a valid phone number, e.g., 081-234-5678, 081 234 5678, or 081.234.5678</arg>
<doc>Verifies that current page contains ``text``.</doc>
<status status="FAIL" start="2025-12-25T16:29:31.013407" elapsed="0.116756">Page should have contained text 'Please enter a valid phone number, e.g., 081-234-5678, 081 234 5678, or 081.234.5678' but did not.</status>
</kw>
<kw name="Close Browser" owner="SeleniumLibrary">
<doc>Closes the current browser.</doc>
<status status="NOT RUN" start="2025-12-25T16:29:31.131161" elapsed="0.000000"/>
</kw>
<status status="FAIL" start="2025-12-25T16:29:28.925268" elapsed="2.205893">Page should have contained text 'Please enter a valid phone number, e.g., 081-234-5678, 081 234 5678, or 081.234.5678' but did not.</status>
</test>
<status status="FAIL" start="2025-12-25T16:29:24.698884" elapsed="6.433277"/>
</suite>
<statistics>
<total>
<stat pass="1" fail="1" skip="0">All Tests</stat>
</total>
<tag>
</tag>
<suite>
<stat name="T7 Invalid Phone Number" id="s1" pass="1" fail="1" skip="0">T7 Invalid Phone Number</stat>
</suite>
</statistics>
<errors>
</errors>
</robot>
