<?xml version="1.0" encoding="UTF-8"?>
<robot generator="Robot 7.4.1 (Python 3.12.8 on win32)" generated="2025-12-25T16:11:11.749614" rpa="false" schemaversion="5">
<suite id="s1" name="T4 Empty Last Name" source="C:\SWD_Lab4\WebDemo-master\demoapp\html\Lab4\TestScript\Empty Last Name\T4_Empty Last Name.robot">
<test id="s1-t1" name="Open Workshop Registration Page" line="23">
<kw name="Start Chrome">
<kw name="Evaluate" owner="BuiltIn">
<msg time="2025-12-25T16:11:12.005954" level="INFO">${chrome_options} = &lt;selenium.webdriver.chrome.options.Options object at 0x0000020DE4840680&gt;</msg>
<var>${chrome_options}</var>
<arg>sys.modules['selenium.webdriver'].ChromeOptions()</arg>
<arg>sys</arg>
<doc>Evaluates the given expression in Python and returns the result.</doc>
<status status="PASS" start="2025-12-25T16:11:12.004948" elapsed="0.001006"/>
</kw>
<kw name="Set Variable" owner="BuiltIn">
<msg time="2025-12-25T16:11:12.005954" level="INFO">${chrome_options.binary_location} = C:\ChromeForTesting\chrome-win64\chrome.exe</msg>
<var>${chrome_options.binary_location}</var>
<arg>${CHROME_BROWSER_PATH}</arg>
<doc>Returns the given values which can then be assigned to a variables.</doc>
<status status="PASS" start="2025-12-25T16:11:12.005954" elapsed="0.000000"/>
</kw>
<kw name="Evaluate" owner="BuiltIn">
<msg time="2025-12-25T16:11:12.006949" level="INFO">${service} = &lt;selenium.webdriver.chrome.service.Service object at 0x0000020DE4841280&gt;</msg>
<var>${service}</var>
<arg>selenium.webdriver.chrome.service.Service(executable_path=r"${CHROME_DRIVER_PATH}")</arg>
<arg>modules=selenium.webdriver.chrome.service</arg>
<doc>Evaluates the given expression in Python and returns the result.</doc>
<status status="PASS" start="2025-12-25T16:11:12.006949" elapsed="0.000000"/>
</kw>
<kw name="Create Webdriver" owner="SeleniumLibrary">
<msg time="2025-12-25T16:11:12.007949" level="INFO">Creating an instance of the Chrome WebDriver.</msg>
<arg>Chrome</arg>
<arg>options=${chrome_options}</arg>
<arg>service=${service}</arg>
<doc>Creates an instance of Selenium WebDriver.</doc>
<status status="PASS" start="2025-12-25T16:11:12.006949" elapsed="1.312403"/>
</kw>
<kw name="Go To" owner="SeleniumLibrary">
<msg time="2025-12-25T16:11:13.319352" level="INFO">Opening url 'http://localhost:7272/Lab4/Registration.html'</msg>
<arg>${REGPAGE}</arg>
<doc>Navigates the current browser window to the provided ``url``.</doc>
<status status="PASS" start="2025-12-25T16:11:13.319352" elapsed="0.299337"/>
</kw>
<status status="PASS" start="2025-12-25T16:11:12.003928" elapsed="1.614761"/>
</kw>
<kw name="Page Should Contain" owner="SeleniumLibrary">
<msg time="2025-12-25T16:11:13.633934" level="INFO">Current page contains text 'Workshop Registration'.</msg>
<arg>Workshop Registration</arg>
<doc>Verifies that current page contains ``text``.</doc>
<status status="PASS" start="2025-12-25T16:11:13.619689" elapsed="0.014245"/>
</kw>
<kw name="Close Browser" owner="SeleniumLibrary">
<doc>Closes the current browser.</doc>
<status status="PASS" start="2025-12-25T16:11:13.634932" elapsed="2.299418"/>
</kw>
<status status="PASS" start="2025-12-25T16:11:12.002935" elapsed="3.932415"/>
</test>
<test id="s1-t2" name="Empty Last Name" line="28">
<kw name="Start Chrome">
<kw name="Evaluate" owner="BuiltIn">
<msg time="2025-12-25T16:11:15.937350" level="INFO">${chrome_options} = &lt;selenium.webdriver.chrome.options.Options object at 0x0000020DE486C7A0&gt;</msg>
<var>${chrome_options}</var>
<arg>sys.modules['selenium.webdriver'].ChromeOptions()</arg>
<arg>sys</arg>
<doc>Evaluates the given expression in Python and returns the result.</doc>
<status status="PASS" start="2025-12-25T16:11:15.936349" elapsed="0.001001"/>
</kw>
<kw name="Set Variable" owner="BuiltIn">
<msg time="2025-12-25T16:11:15.937350" level="INFO">${chrome_options.binary_location} = C:\ChromeForTesting\chrome-win64\chrome.exe</msg>
<var>${chrome_options.binary_location}</var>
<arg>${CHROME_BROWSER_PATH}</arg>
<doc>Returns the given values which can then be assigned to a variables.</doc>
<status status="PASS" start="2025-12-25T16:11:15.937350" elapsed="0.000000"/>
</kw>
<kw name="Evaluate" owner="BuiltIn">
<msg time="2025-12-25T16:11:15.938348" level="INFO">${service} = &lt;selenium.webdriver.chrome.service.Service object at 0x0000020DE486CB60&gt;</msg>
<var>${service}</var>
<arg>selenium.webdriver.chrome.service.Service(executable_path=r"${CHROME_DRIVER_PATH}")</arg>
<arg>modules=selenium.webdriver.chrome.service</arg>
<doc>Evaluates the given expression in Python and returns the result.</doc>
<status status="PASS" start="2025-12-25T16:11:15.937350" elapsed="0.000998"/>
</kw>
<kw name="Create Webdriver" owner="SeleniumLibrary">
<msg time="2025-12-25T16:11:15.938348" level="INFO">Creating an instance of the Chrome WebDriver.</msg>
<arg>Chrome</arg>
<arg>options=${chrome_options}</arg>
<arg>service=${service}</arg>
<doc>Creates an instance of Selenium WebDriver.</doc>
<status status="PASS" start="2025-12-25T16:11:15.938348" elapsed="1.220620"/>
</kw>
<kw name="Go To" owner="SeleniumLibrary">
<msg time="2025-12-25T16:11:17.158968" level="INFO">Opening url 'http://localhost:7272/Lab4/Registration.html'</msg>
<arg>${REGPAGE}</arg>
<doc>Navigates the current browser window to the provided ``url``.</doc>
<status status="PASS" start="2025-12-25T16:11:17.158968" elapsed="0.303950"/>
</kw>
<status status="PASS" start="2025-12-25T16:11:15.936349" elapsed="1.526569"/>
</kw>
<kw name="Input Text" owner="SeleniumLibrary">
<msg time="2025-12-25T16:11:17.464612" level="INFO">Typing text 'Somyod' into text field 'firstname'.</msg>
<arg>firstname</arg>
<arg>${FNAME}</arg>
<doc>Types the given ``text`` into the text field identified by ``locator``.</doc>
<status status="PASS" start="2025-12-25T16:11:17.463927" elapsed="0.091565"/>
</kw>
<kw name="Input Text" owner="SeleniumLibrary">
<msg time="2025-12-25T16:11:17.556491" level="INFO">Typing text '' into text field 'lastname'.</msg>
<arg>lastname</arg>
<arg>${EMPTY}</arg>
<doc>Types the given ``text`` into the text field identified by ``locator``.</doc>
<status status="PASS" start="2025-12-25T16:11:17.556491" elapsed="0.075966"/>
</kw>
<kw name="Input Text" owner="SeleniumLibrary">
<msg time="2025-12-25T16:11:17.633464" level="INFO">Typing text 'CS KKU' into text field 'organization'.</msg>
<arg>organization</arg>
<arg>${OGZ}</arg>
<doc>Types the given ``text`` into the text field identified by ``locator``.</doc>
<status status="PASS" start="2025-12-25T16:11:17.632457" elapsed="0.083444"/>
</kw>
<kw name="Input Text" owner="SeleniumLibrary">
<msg time="2025-12-25T16:11:17.716900" level="INFO">Typing text 'somyod@kkumail.com' into text field 'email'.</msg>
<arg>email</arg>
<arg>${EMAIL}</arg>
<doc>Types the given ``text`` into the text field identified by ``locator``.</doc>
<status status="PASS" start="2025-12-25T16:11:17.715901" elapsed="0.070617"/>
</kw>
<kw name="Input Text" owner="SeleniumLibrary">
<msg time="2025-12-25T16:11:17.787517" level="INFO">Typing text '091-001-1234' into text field 'phone'.</msg>
<arg>phone</arg>
<arg>${PHONE}</arg>
<doc>Types the given ``text`` into the text field identified by ``locator``.</doc>
<status status="PASS" start="2025-12-25T16:11:17.787517" elapsed="0.081502"/>
</kw>
<kw name="Click Button" owner="SeleniumLibrary">
<msg time="2025-12-25T16:11:17.870020" level="INFO">Clicking button 'registerButton'.</msg>
<arg>registerButton</arg>
<doc>Clicks the button identified by ``locator``.</doc>
<status status="PASS" start="2025-12-25T16:11:17.869019" elapsed="0.070880"/>
</kw>
<kw name="Location Should Be" owner="SeleniumLibrary">
<msg time="2025-12-25T16:11:17.944924" level="INFO">Current location is 'http://localhost:7272/Lab4/Registration.html'.</msg>
<arg>${REGPAGE}</arg>
<doc>Verifies that the current URL is exactly ``url``.</doc>
<status status="PASS" start="2025-12-25T16:11:17.939899" elapsed="0.006027"/>
</kw>
<kw name="Page Should Contain" owner="SeleniumLibrary">
<msg time="2025-12-25T16:11:17.957603" level="INFO">Current page contains text 'Please enter your last name!!'.</msg>
<arg>Please enter your last name!!</arg>
<doc>Verifies that current page contains ``text``.</doc>
<status status="PASS" start="2025-12-25T16:11:17.945926" elapsed="0.011677"/>
</kw>
<kw name="Close Browser" owner="SeleniumLibrary">
<doc>Closes the current browser.</doc>
<status status="PASS" start="2025-12-25T16:11:17.958606" elapsed="2.336111"/>
</kw>
<status status="PASS" start="2025-12-25T16:11:15.935350" elapsed="4.360378"/>
</test>
<status status="PASS" start="2025-12-25T16:11:11.750610" elapsed="8.547120"/>
</suite>
<statistics>
<total>
<stat pass="2" fail="0" skip="0">All Tests</stat>
</total>
<tag>
</tag>
<suite>
<stat name="T4 Empty Last Name" id="s1" pass="2" fail="0" skip="0">T4 Empty Last Name</stat>
</suite>
</statistics>
<errors>
</errors>
</robot>
